<?xml version="1.0" encoding="UTF-8"?>
<!-- Generated by org.testng.reporters.JUnitXMLReporter -->
<testsuite hostname="BDC8-DX-403KX52" ignored="11" name="Veeva" tests="3" failures="0" timestamp="19 May 2017 06:07:44 GMT" time="54.516" errors="0">
  <testcase name="launch" time="6.95" classname="Web.loginveeva"/>
  <testcase name="login" time="8.834" classname="Web.loginveeva"/>
  <testcase name="ARCV_16" time="32.604" classname="Web.loginveeva"/>
  <testcase name="Import" time="0.0" classname="Web.loginveeva">
    <ignored/>
  </testcase> <!-- Import -->
  <testcase name="createApplication_submission" time="0.0" classname="Web.loginveeva">
    <ignored/>
  </testcase> <!-- createApplication_submission -->
  <testcase name="View_03" time="0.0" classname="Web.loginveeva">
    <ignored/>
  </testcase> <!-- View_03 -->
  <testcase name="validation" time="0.0" classname="Web.loginveeva">
    <ignored/>
  </testcase> <!-- validation -->
  <testcase name="View_08" time="0.0" classname="Web.loginveeva">
    <ignored/>
  </testcase> <!-- View_08 -->
  <testcase name="View_16" time="0.0" classname="Web.loginveeva">
    <ignored/>
  </testcase> <!-- View_16 -->
  <testcase name="submissions" time="0.0" classname="Web.loginveeva">
    <ignored/>
  </testcase> <!-- submissions -->
  <testcase name="View_03_01" time="0.0" classname="Web.loginveeva">
    <ignored/>
  </testcase> <!-- View_03_01 -->
  <testcase name="search" time="0.0" classname="Web.loginveeva">
    <ignored/>
  </testcase> <!-- search -->
  <testcase name="reports" time="0.0" classname="Web.loginveeva">
    <ignored/>
  </testcase> <!-- reports -->
  <testcase name="upload" time="0.0" classname="Web.loginveeva">
    <ignored/>
  </testcase> <!-- upload -->
</testsuite> <!-- Veeva -->
